0 info it worked if it ends with ok
1 verbose cli [ 'node', '/usr/bin/npm', 'install', '-g', 'nodemon' ]
2 info using npm@1.3.6
3 info using node@v0.10.36
4 verbose cache add [ 'nodemon', null ]
5 verbose cache add name=undefined spec="nodemon" args=["nodemon",null]
6 verbose parsed url { protocol: null,
6 verbose parsed url   slashes: null,
6 verbose parsed url   auth: null,
6 verbose parsed url   host: null,
6 verbose parsed url   port: null,
6 verbose parsed url   hostname: null,
6 verbose parsed url   hash: null,
6 verbose parsed url   search: null,
6 verbose parsed url   query: null,
6 verbose parsed url   pathname: 'nodemon',
6 verbose parsed url   path: 'nodemon',
6 verbose parsed url   href: 'nodemon' }
7 silly lockFile 1625b929-nodemon nodemon
8 verbose lock nodemon /home/gbates/.npm/1625b929-nodemon.lock
9 silly lockFile 1625b929-nodemon nodemon
10 silly lockFile 1625b929-nodemon nodemon
11 verbose addNamed [ 'nodemon', '' ]
12 verbose addNamed [ null, '*' ]
13 silly lockFile 4f5e51c6-nodemon nodemon@
14 verbose lock nodemon@ /home/gbates/.npm/4f5e51c6-nodemon.lock
15 silly addNameRange { name: 'nodemon', range: '*', hasData: false }
16 verbose url raw nodemon
17 verbose url resolving [ 'https://registry.npmjs.org/', './nodemon' ]
18 verbose url resolved https://registry.npmjs.org/nodemon
19 info trying registry request attempt 1 at 13:16:44
20 http GET https://registry.npmjs.org/nodemon
21 http 200 https://registry.npmjs.org/nodemon
22 silly registry.get cb [ 200,
22 silly registry.get   { server: 'CouchDB/1.5.0 (Erlang OTP/R16B03)',
22 silly registry.get     etag: '"CASKJ50Q6A7F057CGYYHKS9P1"',
22 silly registry.get     'content-type': 'application/json',
22 silly registry.get     'cache-control': 'max-age=60',
22 silly registry.get     'content-length': '146774',
22 silly registry.get     'accept-ranges': 'bytes',
22 silly registry.get     date: 'Sat, 27 Jun 2015 20:16:45 GMT',
22 silly registry.get     via: '1.1 varnish',
22 silly registry.get     age: '0',
22 silly registry.get     connection: 'keep-alive',
22 silly registry.get     'x-served-by': 'cache-sjc3122-SJC',
22 silly registry.get     'x-cache': 'HIT',
22 silly registry.get     'x-cache-hits': '1',
22 silly registry.get     'x-timer': 'S1435436204.801182,VS0,VE348',
22 silly registry.get     vary: 'Accept' } ]
23 silly addNameRange number 2 { name: 'nodemon', range: '*', hasData: true }
24 silly addNameRange versions [ 'nodemon',
24 silly addNameRange   [ '0.1.4',
24 silly addNameRange     '0.1.5',
24 silly addNameRange     '0.1.6',
24 silly addNameRange     '0.1.7',
24 silly addNameRange     '0.1.8',
24 silly addNameRange     '0.2.0',
24 silly addNameRange     '0.2.1',
24 silly addNameRange     '0.2.2',
24 silly addNameRange     '0.3.0',
24 silly addNameRange     '0.3.1',
24 silly addNameRange     '0.3.2',
24 silly addNameRange     '0.4.0',
24 silly addNameRange     '0.4.1',
24 silly addNameRange     '0.5.0',
24 silly addNameRange     '0.5.1',
24 silly addNameRange     '0.5.2',
24 silly addNameRange     '0.5.3',
24 silly addNameRange     '0.5.4',
24 silly addNameRange     '0.5.5',
24 silly addNameRange     '0.5.6',
24 silly addNameRange     '0.5.7',
24 silly addNameRange     '0.6.0',
24 silly addNameRange     '0.6.1',
24 silly addNameRange     '0.6.2',
24 silly addNameRange     '0.6.3',
24 silly addNameRange     '0.6.4',
24 silly addNameRange     '0.6.5',
24 silly addNameRange     '0.6.6',
24 silly addNameRange     '0.6.7',
24 silly addNameRange     '0.6.8',
24 silly addNameRange     '0.6.9',
24 silly addNameRange     '0.6.10',
24 silly addNameRange     '0.6.11',
24 silly addNameRange     '0.6.12',
24 silly addNameRange     '0.6.13',
24 silly addNameRange     '0.6.14',
24 silly addNameRange     '0.6.15',
24 silly addNameRange     '0.6.16',
24 silly addNameRange     '0.6.17',
24 silly addNameRange     '0.6.18',
24 silly addNameRange     '0.6.19',
24 silly addNameRange     '0.6.20',
24 silly addNameRange     '0.6.21',
24 silly addNameRange     '0.6.22',
24 silly addNameRange     '0.6.23',
24 silly addNameRange     '0.7.0',
24 silly addNameRange     '0.7.1',
24 silly addNameRange     '0.7.2',
24 silly addNameRange     '0.7.3',
24 silly addNameRange     '0.7.4',
24 silly addNameRange     '0.7.5',
24 silly addNameRange     '0.7.6',
24 silly addNameRange     '0.7.7',
24 silly addNameRange     '0.7.8',
24 silly addNameRange     '0.7.10',
24 silly addNameRange     '0.9.0',
24 silly addNameRange     '0.9.1',
24 silly addNameRange     '0.9.2',
24 silly addNameRange     '0.9.3',
24 silly addNameRange     '0.9.5',
24 silly addNameRange     '0.9.6',
24 silly addNameRange     '0.9.7',
24 silly addNameRange     '0.9.10',
24 silly addNameRange     '0.9.11',
24 silly addNameRange     '0.9.12',
24 silly addNameRange     '0.9.14',
24 silly addNameRange     '0.9.16',
24 silly addNameRange     '0.9.17',
24 silly addNameRange     '1.0.0',
24 silly addNameRange     '1.0.1',
24 silly addNameRange     '1.0.2',
24 silly addNameRange     '1.0.2-rc',
24 silly addNameRange     '0.6.10-a',
24 silly addNameRange     '1.0.2-rc3',
24 silly addNameRange     '1.0.2-rc4',
24 silly addNameRange     '1.0.3',
24 silly addNameRange     '1.0.4',
24 silly addNameRange     '1.0.5',
24 silly addNameRange     '1.0.6',
24 silly addNameRange     '1.0.7',
24 silly addNameRange     '1.0.8',
24 silly addNameRange     '1.0.9',
24 silly addNameRange     '1.0.10',
24 silly addNameRange     '1.0.11',
24 silly addNameRange     '1.0.12',
24 silly addNameRange     '1.0.13',
24 silly addNameRange     '1.0.14',
24 silly addNameRange     '1.0.15',
24 silly addNameRange     '1.0.16',
24 silly addNameRange     '1.0.17-rc1',
24 silly addNameRange     '1.0.17-rc2',
24 silly addNameRange     '1.0.17',
24 silly addNameRange     '1.0.18',
24 silly addNameRange     '1.0.19',
24 silly addNameRange     '1.0.20',
24 silly addNameRange     '1.1.0-alpha',
24 silly addNameRange     '1.1.0',
24 silly addNameRange     '1.1.1',
24 silly addNameRange     '1.2.0',
24 silly addNameRange     '1.2.1',
24 silly addNameRange     '1.3.0-0',
24 silly addNameRange     '1.3.0-1',
24 silly addNameRange     '1.3.0-2',
24 silly addNameRange     '1.3.0-3',
24 silly addNameRange     '1.3.0-4',
24 silly addNameRange     '1.3.0-5',
24 silly addNameRange     '1.3.0-6',
24 silly addNameRange     '1.3.0-7',
24 silly addNameRange     '1.3.0',
24 silly addNameRange     '1.3.1',
24 silly addNameRange     '1.3.2',
24 silly addNameRange     '1.3.3',
24 silly addNameRange     '1.3.5',
24 silly addNameRange     '1.3.6',
24 silly addNameRange     '1.3.7' ] ]
25 verbose addNamed [ 'nodemon', '1.3.7' ]
26 verbose addNamed [ '1.3.7', '1.3.7' ]
27 silly lockFile fec6bbf0-nodemon-1-3-7 nodemon@1.3.7
28 verbose lock nodemon@1.3.7 /home/gbates/.npm/fec6bbf0-nodemon-1-3-7.lock
29 silly lockFile bcea1563-js-org-nodemon-nodemon-1-3-7-tgz https://registry.npmjs.org/nodemon/-/nodemon-1.3.7.tgz
30 verbose lock https://registry.npmjs.org/nodemon/-/nodemon-1.3.7.tgz /home/gbates/.npm/bcea1563-js-org-nodemon-nodemon-1-3-7-tgz.lock
31 verbose addRemoteTarball [ 'https://registry.npmjs.org/nodemon/-/nodemon-1.3.7.tgz',
31 verbose addRemoteTarball   '447bc2e01bf499cbf5853f9937496e0a04835449' ]
32 info retry fetch attempt 1 at 13:16:45
33 verbose fetch to= /home/gbates/tmp/npm-30791-sdeiLyGZ/1435436205363-0.42589395749382675/tmp.tgz
34 http GET https://registry.npmjs.org/nodemon/-/nodemon-1.3.7.tgz
35 http 200 https://registry.npmjs.org/nodemon/-/nodemon-1.3.7.tgz
36 verbose tar unpack /home/gbates/tmp/npm-30791-sdeiLyGZ/1435436205363-0.42589395749382675/tmp.tgz
37 silly lockFile 71ff4c3c-5363-0-42589395749382675-package tar:///home/gbates/tmp/npm-30791-sdeiLyGZ/1435436205363-0.42589395749382675/package
38 verbose lock tar:///home/gbates/tmp/npm-30791-sdeiLyGZ/1435436205363-0.42589395749382675/package /home/gbates/.npm/71ff4c3c-5363-0-42589395749382675-package.lock
39 silly lockFile f3720a93-5363-0-42589395749382675-tmp-tgz tar:///home/gbates/tmp/npm-30791-sdeiLyGZ/1435436205363-0.42589395749382675/tmp.tgz
40 verbose lock tar:///home/gbates/tmp/npm-30791-sdeiLyGZ/1435436205363-0.42589395749382675/tmp.tgz /home/gbates/.npm/f3720a93-5363-0-42589395749382675-tmp-tgz.lock
41 silly gunzTarPerm modes [ '755', '644' ]
42 silly gunzTarPerm extractEntry package.json
43 silly gunzTarPerm extractEntry .npmignore
44 silly gunzTarPerm extractEntry README.md
45 silly gunzTarPerm extractEntry doc/arch.md
46 silly gunzTarPerm extractEntry doc/cli/authors.txt
47 silly gunzTarPerm extractEntry doc/cli/config.txt
48 silly gunzTarPerm extractEntry doc/cli/help.txt
49 silly gunzTarPerm extractEntry doc/cli/logo.txt
50 silly gunzTarPerm extractEntry doc/cli/topics.txt
51 silly gunzTarPerm extractEntry doc/cli/usage.txt
52 silly gunzTarPerm extractEntry doc/cli/whoami.txt
53 silly gunzTarPerm extractEntry doc/events.md
54 silly gunzTarPerm extractEntry doc/option-parsing-logic.md
55 silly gunzTarPerm extractEntry doc/requireable.md
56 silly gunzTarPerm extractEntry doc/rules.md
57 silly gunzTarPerm extractEntry doc/sample-nodemon.md
58 silly gunzTarPerm extractEntry .travis.yml
59 silly gunzTarPerm extractEntry CONTRIBUTING.md
60 silly gunzTarPerm extractEntry .jshintrc
61 silly gunzTarPerm extractEntry bin/nodemon.js
62 silly gunzTarPerm extractEntry faq.md
63 silly gunzTarPerm extractEntry lib/index.js
64 silly gunzTarPerm extractEntry lib/nodemon.js
65 silly gunzTarPerm extractEntry lib/spawn.js
66 silly gunzTarPerm extractEntry lib/version.js
67 silly gunzTarPerm extractEntry lib/cli/index.js
68 silly gunzTarPerm extractEntry lib/cli/parse.js
69 silly gunzTarPerm extractEntry lib/config/checkWatchSupport.js
70 silly gunzTarPerm extractEntry lib/config/command.js
71 silly gunzTarPerm extractEntry lib/config/defaults.js
72 silly gunzTarPerm extractEntry lib/config/exec.js
73 silly gunzTarPerm extractEntry lib/config/index.js
74 silly gunzTarPerm extractEntry lib/config/load.js
75 silly gunzTarPerm extractEntry lib/config/watchable.js
76 silly gunzTarPerm extractEntry lib/help/index.js
77 silly gunzTarPerm extractEntry lib/monitor/changed-since.js
78 silly gunzTarPerm extractEntry lib/monitor/index.js
79 silly gunzTarPerm extractEntry lib/monitor/match.js
80 silly gunzTarPerm extractEntry lib/monitor/offset.js
81 silly gunzTarPerm extractEntry lib/monitor/run.js
82 silly gunzTarPerm extractEntry lib/monitor/watch.js
83 silly gunzTarPerm extractEntry lib/rules/add.js
84 silly gunzTarPerm extractEntry lib/rules/index.js
85 silly gunzTarPerm extractEntry lib/rules/parse.js
86 silly gunzTarPerm extractEntry lib/utils/bus.js
87 silly gunzTarPerm extractEntry lib/utils/clone.js
88 silly gunzTarPerm extractEntry lib/utils/colour.js
89 silly gunzTarPerm extractEntry lib/utils/index.js
90 silly gunzTarPerm extractEntry lib/utils/log.js
91 silly gunzTarPerm extractEntry lib/utils/merge.js
92 silly gunzTarPerm extractEntry web/index.js
93 silly gunzTarPerm extractEntry web/index.html
94 silly gunzTarPerm extractEntry web/nodemon.svg
95 silly lockFile 71ff4c3c-5363-0-42589395749382675-package tar:///home/gbates/tmp/npm-30791-sdeiLyGZ/1435436205363-0.42589395749382675/package
96 silly lockFile 71ff4c3c-5363-0-42589395749382675-package tar:///home/gbates/tmp/npm-30791-sdeiLyGZ/1435436205363-0.42589395749382675/package
97 silly lockFile f3720a93-5363-0-42589395749382675-tmp-tgz tar:///home/gbates/tmp/npm-30791-sdeiLyGZ/1435436205363-0.42589395749382675/tmp.tgz
98 silly lockFile f3720a93-5363-0-42589395749382675-tmp-tgz tar:///home/gbates/tmp/npm-30791-sdeiLyGZ/1435436205363-0.42589395749382675/tmp.tgz
99 verbose tar pack [ '/home/gbates/.npm/nodemon/1.3.7/package.tgz',
99 verbose tar pack   '/home/gbates/tmp/npm-30791-sdeiLyGZ/1435436205363-0.42589395749382675/package' ]
100 verbose tarball /home/gbates/.npm/nodemon/1.3.7/package.tgz
101 verbose folder /home/gbates/tmp/npm-30791-sdeiLyGZ/1435436205363-0.42589395749382675/package
102 silly lockFile 71ff4c3c-5363-0-42589395749382675-package tar:///home/gbates/tmp/npm-30791-sdeiLyGZ/1435436205363-0.42589395749382675/package
103 verbose lock tar:///home/gbates/tmp/npm-30791-sdeiLyGZ/1435436205363-0.42589395749382675/package /home/gbates/.npm/71ff4c3c-5363-0-42589395749382675-package.lock
104 silly lockFile 5a6e56b1-es-npm-nodemon-1-3-7-package-tgz tar:///home/gbates/.npm/nodemon/1.3.7/package.tgz
105 verbose lock tar:///home/gbates/.npm/nodemon/1.3.7/package.tgz /home/gbates/.npm/5a6e56b1-es-npm-nodemon-1-3-7-package-tgz.lock
106 silly lockFile 71ff4c3c-5363-0-42589395749382675-package tar:///home/gbates/tmp/npm-30791-sdeiLyGZ/1435436205363-0.42589395749382675/package
107 silly lockFile 71ff4c3c-5363-0-42589395749382675-package tar:///home/gbates/tmp/npm-30791-sdeiLyGZ/1435436205363-0.42589395749382675/package
108 silly lockFile 5a6e56b1-es-npm-nodemon-1-3-7-package-tgz tar:///home/gbates/.npm/nodemon/1.3.7/package.tgz
109 silly lockFile 5a6e56b1-es-npm-nodemon-1-3-7-package-tgz tar:///home/gbates/.npm/nodemon/1.3.7/package.tgz
110 silly lockFile dc6950cf-gbates-npm-nodemon-1-3-7-package /home/gbates/.npm/nodemon/1.3.7/package
111 verbose lock /home/gbates/.npm/nodemon/1.3.7/package /home/gbates/.npm/dc6950cf-gbates-npm-nodemon-1-3-7-package.lock
112 silly lockFile dc6950cf-gbates-npm-nodemon-1-3-7-package /home/gbates/.npm/nodemon/1.3.7/package
113 silly lockFile dc6950cf-gbates-npm-nodemon-1-3-7-package /home/gbates/.npm/nodemon/1.3.7/package
114 verbose tar unpack /home/gbates/.npm/nodemon/1.3.7/package.tgz
115 silly lockFile ba58f2ea-gbates-npm-nodemon-1-3-7-package tar:///home/gbates/.npm/nodemon/1.3.7/package
116 verbose lock tar:///home/gbates/.npm/nodemon/1.3.7/package /home/gbates/.npm/ba58f2ea-gbates-npm-nodemon-1-3-7-package.lock
117 silly lockFile 5a6e56b1-es-npm-nodemon-1-3-7-package-tgz tar:///home/gbates/.npm/nodemon/1.3.7/package.tgz
118 verbose lock tar:///home/gbates/.npm/nodemon/1.3.7/package.tgz /home/gbates/.npm/5a6e56b1-es-npm-nodemon-1-3-7-package-tgz.lock
119 silly gunzTarPerm modes [ '755', '644' ]
120 silly gunzTarPerm extractEntry package.json
121 silly gunzTarPerm extractEntry .npmignore
122 silly gunzTarPerm extractEntry README.md
123 silly gunzTarPerm extractEntry bin/nodemon.js
124 silly gunzTarPerm extractEntry .jshintrc
125 silly gunzTarPerm extractEntry .travis.yml
126 silly gunzTarPerm extractEntry doc/arch.md
127 silly gunzTarPerm extractEntry doc/cli/authors.txt
128 silly gunzTarPerm extractEntry doc/cli/config.txt
129 silly gunzTarPerm extractEntry doc/cli/help.txt
130 silly gunzTarPerm extractEntry doc/cli/logo.txt
131 silly gunzTarPerm extractEntry doc/cli/topics.txt
132 silly gunzTarPerm extractEntry doc/cli/usage.txt
133 silly gunzTarPerm extractEntry doc/cli/whoami.txt
134 silly gunzTarPerm extractEntry doc/events.md
135 silly gunzTarPerm extractEntry doc/option-parsing-logic.md
136 silly gunzTarPerm extractEntry doc/requireable.md
137 silly gunzTarPerm extractEntry doc/rules.md
138 silly gunzTarPerm extractEntry doc/sample-nodemon.md
139 silly gunzTarPerm extractEntry faq.md
140 silly gunzTarPerm extractEntry lib/index.js
141 silly gunzTarPerm extractEntry lib/nodemon.js
142 silly gunzTarPerm extractEntry lib/spawn.js
143 silly gunzTarPerm extractEntry lib/version.js
144 silly gunzTarPerm extractEntry lib/cli/index.js
145 silly gunzTarPerm extractEntry lib/cli/parse.js
146 silly gunzTarPerm extractEntry lib/config/checkWatchSupport.js
147 silly gunzTarPerm extractEntry lib/config/command.js
148 silly gunzTarPerm extractEntry lib/config/defaults.js
149 silly gunzTarPerm extractEntry lib/config/exec.js
150 silly gunzTarPerm extractEntry lib/config/index.js
151 silly gunzTarPerm extractEntry lib/config/load.js
152 silly gunzTarPerm extractEntry lib/config/watchable.js
153 silly gunzTarPerm extractEntry lib/help/index.js
154 silly gunzTarPerm extractEntry lib/monitor/changed-since.js
155 silly gunzTarPerm extractEntry lib/monitor/index.js
156 silly gunzTarPerm extractEntry lib/monitor/match.js
157 silly gunzTarPerm extractEntry lib/monitor/offset.js
158 silly gunzTarPerm extractEntry lib/monitor/run.js
159 silly gunzTarPerm extractEntry lib/monitor/watch.js
160 silly gunzTarPerm extractEntry lib/rules/add.js
161 silly gunzTarPerm extractEntry lib/rules/index.js
162 silly gunzTarPerm extractEntry lib/rules/parse.js
163 silly gunzTarPerm extractEntry lib/utils/bus.js
164 silly gunzTarPerm extractEntry lib/utils/clone.js
165 silly gunzTarPerm extractEntry lib/utils/colour.js
166 silly gunzTarPerm extractEntry lib/utils/index.js
167 silly gunzTarPerm extractEntry lib/utils/log.js
168 silly gunzTarPerm extractEntry lib/utils/merge.js
169 silly gunzTarPerm extractEntry CONTRIBUTING.md
170 silly gunzTarPerm extractEntry web/index.js
171 silly gunzTarPerm extractEntry web/index.html
172 silly gunzTarPerm extractEntry web/nodemon.svg
173 silly lockFile ba58f2ea-gbates-npm-nodemon-1-3-7-package tar:///home/gbates/.npm/nodemon/1.3.7/package
174 silly lockFile ba58f2ea-gbates-npm-nodemon-1-3-7-package tar:///home/gbates/.npm/nodemon/1.3.7/package
175 silly lockFile 5a6e56b1-es-npm-nodemon-1-3-7-package-tgz tar:///home/gbates/.npm/nodemon/1.3.7/package.tgz
176 silly lockFile 5a6e56b1-es-npm-nodemon-1-3-7-package-tgz tar:///home/gbates/.npm/nodemon/1.3.7/package.tgz
177 verbose chmod /home/gbates/.npm/nodemon/1.3.7/package.tgz 644
178 verbose chown /home/gbates/.npm/nodemon/1.3.7/package.tgz [ 163968, 163968 ]
179 silly lockFile bcea1563-js-org-nodemon-nodemon-1-3-7-tgz https://registry.npmjs.org/nodemon/-/nodemon-1.3.7.tgz
180 silly lockFile bcea1563-js-org-nodemon-nodemon-1-3-7-tgz https://registry.npmjs.org/nodemon/-/nodemon-1.3.7.tgz
181 silly lockFile fec6bbf0-nodemon-1-3-7 nodemon@1.3.7
182 silly lockFile fec6bbf0-nodemon-1-3-7 nodemon@1.3.7
183 silly lockFile 4f5e51c6-nodemon nodemon@
184 silly lockFile 4f5e51c6-nodemon nodemon@
185 silly resolved [ { name: 'nodemon',
185 silly resolved     homepage: 'http://nodemon.io',
185 silly resolved     author: { name: 'Remy Sharp', url: 'http://github.com/remy' },
185 silly resolved     bin: { nodemon: './bin/nodemon.js' },
185 silly resolved     engines: { node: '>=0.8' },
185 silly resolved     repository: { type: 'git', url: 'http://github.com/remy/nodemon.git' },
185 silly resolved     description: 'Simple monitor script for use during development of a node.js app.',
185 silly resolved     keywords:
185 silly resolved      [ 'monitor',
185 silly resolved        'development',
185 silly resolved        'restart',
185 silly resolved        'autoload',
185 silly resolved        'reload',
185 silly resolved        'terminal' ],
185 silly resolved     version: '1.3.7',
185 silly resolved     preferGlobal: 'true',
185 silly resolved     licenses: [ [Object] ],
185 silly resolved     main: './lib/nodemon',
185 silly resolved     scripts:
185 silly resolved      { coverage: 'istanbul cover _mocha -- --timeout 30000 --ui bdd --reporter list test/**/*.test.js',
185 silly resolved        ':test': 'node_modules/.bin/mocha --timeout 30000 --ui bdd test/**/*.test.js',
185 silly resolved        test: 'for FILE in test/**/*.test.js; do echo $FILE; ./node_modules/.bin/mocha --timeout 30000 $FILE; if [ $? -ne 0 ]; then exit 1; fi; sleep 1; done',
185 silly resolved        web: 'node web' },
185 silly resolved     devDependencies:
185 silly resolved      { 'coffee-script': '~1.7.1',
185 silly resolved        connect: '~2.19.1',
185 silly resolved        istanbul: '~0.2.10',
185 silly resolved        mocha: '^2.0.1',
185 silly resolved        should: '~4.0.0' },
185 silly resolved     dependencies:
185 silly resolved      { minimatch: '~0.3.0',
185 silly resolved        'ps-tree': '~0.0.3',
185 silly resolved        touch: '~0.0.3',
185 silly resolved        'update-notifier': '^0.3.0' },
185 silly resolved     readme: '![nodemon logo](http://nodemon.io/nodemon.svg)\n\n# nodemon\n\n[![Flattr this](http://api.flattr.com/button/flattr-badge-large.png)](http://flattr.com/thing/1211372/remynodemon-on-GitHub)\n\nFor use during development of a node.js based application.\n\nnodemon will watch the files in the directory in which nodemon was started, and if any files change, nodemon will automatically restart your node application.\n\nnodemon does **not** require *any* changes to your code or method of development. nodemon simply wraps your node application and keeps an eye on any files that have changed. Remember that nodemon is a replacement wrapper for `node`, think of it as replacing the word "node" on the command line when you run your script.\n\n[![NPM version](https://badge.fury.io/js/nodemon.svg)](https://npmjs.org/package/nodemon)\n[![Travis Status](https://travis-ci.org/remy/nodemon.svg?branch=master)](https://travis-ci.org/remy/nodemon)\n\n# Installation\n\nEither through forking or by using [npm](http://npmjs.org) (the recommended way):\n\n    npm install -g nodemon\n\nAnd nodemon will be installed in to your bin path. Note that as of npm v1, you must explicitly tell npm to install globally as nodemon is a command line utility.\n\n# Usage\n\nnodemon wraps your application, so you can pass all the arguments you would normally pass to your app:\n\n    nodemon [your node app]\n\nFor CLI options, use the `-h` (or `--help`) argument:\n\n    nodemon -h\n\nUsing nodemon is simple, if my application accepted a host and port as the arguments, I would start it as so:\n\n    nodemon ./server.js localhost 8080\n\nAny output from this script is prefixed with `[nodemon]`, otherwise all output from your application, errors included, will be echoed out as expected.\n\nnodemon also supports running and monitoring [coffee-script](http://jashkenas.github.com/coffee-script/) apps:\n\n    nodemon server.coffee\n\nIf no script is given, nodemon will test for a `package.json` file and if found, will run the file associated with the *main* property ([ref](https://github.com/remy/nodemon/issues/14)).\n\nYou can also pass the debug flag to node through the command line as you would normally:\n\n    nodemon --debug ./server.js 80\n\nIf you have a `package.json` file for your app, you can omit the main script entirely and nodemon will read the `package.json` for the `main` property and use that value as the app.\n\nnodemon will also search for the `scripts.start` property in `package.json` (as of nodemon 1.1.x).\n\nAlso check out the [FAQ](https://github.com/remy/nodemon/blob/master/faq.md) or [issues](https://github.com/remy/nodemon/issues) for nodemon.\n\n## Automatic re-running\n\nnodemon was originally written to restart hanging processes such as web servers, but now supports apps that cleanly exit. If your script exits cleanly, nodemon will continue to monitor the directory (or directories) and restart the script if there are any changes.\n\n## Manual restarting\n\nWhilst nodemon is running, if you need to manually restart your application, instead of stopping and restart nodemon, you can simply type `rs` with a carriage return, and nodemon will restart your process.\n\n## Config files\n\nnodemon supports local and global configuration files. These are named `nodemon.json` and can be located in the current working directory or in your home directory.\n\nThe specificity is as follows, so that a command line argument will always override the config file settings:\n\n- command line arguments\n- local config\n- global config\n\nA config file can take any of the command line arguments as JSON key values, for example:\n\n    {\n      "verbose": true,\n      "ignore": ["*.test.js", "fixtures/*"],\n      "execMap": {\n        "rb": "ruby",\n        "pde": "processing --sketch={{pwd}} --run"\n      }\n    }\n\nThe above `nodemon.json` file might be my global config so that I have support for ruby files and processing files, and I can simply run `nodemon demo.pde` and nodemon will automatically know how to run the script even though out of the box support for processing scripts.\n\nA further example of options can be seen in [sample-nodemon.md](https://github.com/remy/nodemon/blob/master/doc/sample-nodemon.md)\n\n*This section needs better documentation, but for now you can also see `nodemon --help config` ([also here](https://github.com/remy/nodemon/blob/master/doc/cli/config.txt))*.\n\n## Using nodemon as a module\n\nPlease see [doc/requireable.md](doc/requireable.md)\n\n## Running non-node scripts\n\nnodemon can also be used to execute and monitor other programs. nodemon will read the file extension of the script being run and monitor that extension instead of .js if there\'s no .nodemonignore:\n\n    nodemon --exec "python -v" ./app.py\n\nNow nodemon will run `app.py` with python in verbose mode (note that if you\'re not passing args to the exec program, you don\'t need the quotes), and look for new or modified files with the `.py` extension.\n\n### Default executables\n\nUsing the `nodemon.json` config file, you can define your own default executables using the `execMap` property. This is particularly useful if you\'re working with a language that isn\'t supported by default by nodemon.\n\nTo add support for nodemon to know about the .pl extension (for Perl), the nodemon.json file would add:\n\n    {\n      "execMap": {\n         "pl": "perl"\n      }\n    }\n\nNow running the following, nodemon will know to use `perl` as the executable:\n\n    nodemon script.pl\n\nIt\'s generally recommended to use the global `nodemon.json` to add your own `execMap` options. However, if there\'s a common default that\'s missing, this can be merged in to the project so that nodemon supports it by default, by changing [default.js](https://github.com/remy/nodemon/blob/master/lib/config/defaults.js) and sending a pull request.\n\n## Monitoring multiple directories\n\nBy default nodemon monitors the current working directory. If you want to take control of that option, use the `--watch` option to add specific paths:\n\n    nodemon --watch app --watch libs app/server.js\n\nNow nodemon will only restart if there are changes in the `./app` or `./libs` directory. By default nodemon will traverse sub-directories, so there\'s no need in explicitly including sub-directories.\n\n## Specifying extension watch list\n\nBy default, nodemon looks for files with the `.js`, `.coffee`, and `.litcoffee` extensions. If you use the `--exec` option and monitor `app.py` nodemon will monitor files with the extension of `.py`. However, you can specify your own list with the `-e` (or `--ext`) switch like so:\n\n    nodemon -e js,jade\n\nNow nodemon will restart on any changes to files in the directory (or subdirectories) with the extensions .js, .jade.\n\n## Ignoring files\n\nBy default, nodemon will only restart when a `.js` JavaScript file changes. In some cases you will want to ignore some specific files, directories or file patterns, to prevent nodemon from prematurely restarting your application.\n\nThis can be done via the command line:\n\n    nodemon --ignore lib/ --ignore tests/\n\nOr specific files can be ignored:\n\n    nodemon --ignore lib/app.js\n\nPatterns can also be ignored (but be sure to quote the arguments):\n\n    nodemon --ignore \'lib/*.js\'\n\nNote that by default, nodemon will ignore the `.git`, `node_modules`, `bower_components` and `.sass-cache` directories.\n\n## Delaying restarting\n\nIn some situations, you may want to wait until a number of files have changed. The timeout before checking for new file changes is 1 second. If you\'re uploading a number of files and it\'s taking some number of seconds, this could cause your app to restart multiple times unnecessarily.\n\nTo add an extra throttle, or delay restarting, use the `--delay` command:\n\n    nodemon --delay 10 server.js\n\nFor more precision, milliseconds can be specified.  Either as a float:\n\n    nodemon --delay 2.5 server.js\n\nOr using the time specifier (ms):\n\n    nodemon --delay 2500ms server.js\n\nThe delay figure is number of seconds (or milliseconds, if specified) to delay before restarting. So nodemon will only restart your app the given number of seconds after the *last* file change.\n\n## Controlling shutdown of your script\n\nnodemon sends a kill signal to your application when it sees a file update. If you need to clean up on shutdown inside your script you can capture the kill signal and handle it yourself.\n\nThe following example will listen once for the `SIGUSR2` signal (used by nodemon to restart), run the clean up process and then kill itself for nodemon to continue control:\n\n    process.once(\'SIGUSR2\', function () {\n      gracefulShutdown(function () {\n        process.kill(process.pid, \'SIGUSR2\');\n      });\n    });\n\nNote that the `process.kill` is *only* called once your shutdown jobs are complete. Hat tip to [Benjie Gillam](http://www.benjiegillam.com/2011/08/node-js-clean-restart-and-faster-development-with-nodemon/) for writing this technique up.\n\n## Triggering events when nodemon state changes\n\nIf you want growl like notifications when nodemon restarts or to trigger an action when an event happens, then you can either `require` nodemon or simply add event actions to your `nodemon.json` file.\n\nFor example, to trigger a notification on a Mac when nodemon restarts, `nodemon.json` looks like this:\n\n```json\n{\n  "events": {\n    "restart": "osascript -e \'display notification \\"app restarted\\" with title \\"nodemon\\"\'"\n  }\n}\n```\n\nA full list of available events is listed on the [event states wiki](https://github.com/remy/nodemon/wiki/Events#states). Note that you can bind to both states and messages.\n\n## Pipe output to somewhere else\n\n```js\nnodemon({\n  script: ...,\n  stdout: false // important: this tells nodemon not to output to console\n}).on(\'readable\', function() { // the `readable` event indicates that data is ready to pick up\n  this.stdout.pipe(fs.createWriteStream(\'output.txt\'));\n  this.stderr.pipe(fs.createWriteStream(\'err.txt\'));\n});\n```\n\n## Using io.js for nodemon\n\nIf you *only* have io.js installed (and the default install creates a symlink from `node` to `iojs`), then nodemon will work just fine out of the box (or [should](https://github.com/remy/nodemon/issues/468)).\n\nIf you\'ve got *both* node and io.js installed, then it\'s easy! You can either edit the local `nodemon.json` file (in your working directory) or in your `$HOME` directory containing:\n\n```json\n{\n  "execMap": {\n    "js": "iojs"\n  }\n}\n```\n\nNow you nodemon will use [io.js](https://iojs.org/) with JavaScript files instead of node.\n\n## Using nodemon in your gulp workflow\n\nCheck out the [gulp-nodemon](https://github.com/JacksonGariety/gulp-nodemon) plugin to integrate nodemon with the rest of your project\'s gulp workflow.\n\n## Using nodemon in your Grunt workflow\n\nCheck out the [grunt-nodemon](https://github.com/ChrisWren/grunt-nodemon) plugin to integrate nodemon with the rest of your project\'s grunt workflow.\n\n## FAQ\n\nSee the [FAQ](https://github.com/remy/nodemon/blob/master/faq.md) and please add your own questions if you think they would help others.\n\n# License\n\nMIT [http://rem.mit-license.org](http://rem.mit-license.org)\n',
185 silly resolved     readmeFilename: 'README.md',
185 silly resolved     bugs: { url: 'https://github.com/remy/nodemon/issues' },
185 silly resolved     _id: 'nodemon@1.3.7',
185 silly resolved     dist: { shasum: '557a05f11da7f29b521c7723e234c113bf9f4ec8' },
185 silly resolved     _from: 'nodemon@',
185 silly resolved     _resolved: 'https://registry.npmjs.org/nodemon/-/nodemon-1.3.7.tgz' } ]
186 info install nodemon@1.3.7 into /usr/lib
187 info installOne nodemon@1.3.7
188 info /usr/lib/node_modules/nodemon unbuild
189 verbose tar unpack /home/gbates/.npm/nodemon/1.3.7/package.tgz
190 silly lockFile f069062d-tar-usr-lib-node-modules-nodemon tar:///usr/lib/node_modules/nodemon
191 verbose lock tar:///usr/lib/node_modules/nodemon /home/gbates/.npm/f069062d-tar-usr-lib-node-modules-nodemon.lock
192 silly lockFile 5a6e56b1-es-npm-nodemon-1-3-7-package-tgz tar:///home/gbates/.npm/nodemon/1.3.7/package.tgz
193 verbose lock tar:///home/gbates/.npm/nodemon/1.3.7/package.tgz /home/gbates/.npm/5a6e56b1-es-npm-nodemon-1-3-7-package-tgz.lock
194 silly gunzTarPerm modes [ '755', '644' ]
195 error Error: EACCES, mkdir '/usr/lib/node_modules/nodemon'
195 error  { [Error: EACCES, mkdir '/usr/lib/node_modules/nodemon']
195 error   errno: 3,
195 error   code: 'EACCES',
195 error   path: '/usr/lib/node_modules/nodemon',
195 error   fstream_type: 'Directory',
195 error   fstream_path: '/usr/lib/node_modules/nodemon',
195 error   fstream_class: 'DirWriter',
195 error   fstream_stack:
195 error    [ '/usr/lib/node_modules/fstream/lib/dir-writer.js:36:23',
195 error      '/usr/lib/node_modules/mkdirp/index.js:37:53',
195 error      'Object.oncomplete (fs.js:108:15)' ] }
196 error Please try running this command again as root/Administrator.
197 error System Linux 3.10.0-229.4.2.el7.x86_64
198 error command "node" "/usr/bin/npm" "install" "-g" "nodemon"
199 error cwd /home/gbates/Desktop/farmer
200 error node -v v0.10.36
201 error npm -v 1.3.6
202 error path /usr/lib/node_modules/nodemon
203 error fstream_path /usr/lib/node_modules/nodemon
204 error fstream_type Directory
205 error fstream_class DirWriter
206 error code EACCES
207 error errno 3
208 error stack Error: EACCES, mkdir '/usr/lib/node_modules/nodemon'
209 error fstream_stack /usr/lib/node_modules/fstream/lib/dir-writer.js:36:23
209 error fstream_stack /usr/lib/node_modules/mkdirp/index.js:37:53
209 error fstream_stack Object.oncomplete (fs.js:108:15)
210 verbose exit [ 3, true ]
